args =  Namespace(K=5, batch_size=16, beta_1=0.9, data='../data/processed_mimic/in-hospital-mortality', depth=1, dim=76, dropout=0.0, epochs=100, hidden_size=76, imputation='previous', input_size=76, l1=0, l2=0, load_state='', lr=0.001, n_iters=100000, normalizer_state=None, optimizer='adam', output_dir='/log/', output_size=76, prefix='', rec_dropout=0.0, save_every=1, small_part=True, target_repl_coef=0.0, timestep=1.0)
Reading started
Reading finished after 0.644771099091 seconds
iteration =  50
iteration =  100
iteration =  150
iteration =  200
iteration =  250
iteration =  300
iteration =  350
iteration =  400
iteration =  450
iteration =  500
iteration =  550
iteration =  600
iteration =  650
iteration =  700
iteration =  750
iteration =  800
iteration =  850
iteration =  900
iteration =  950
iteration =  1000
1m 44s (- 171m 43s) (1000 0%) 0.1491
c_disc_loss = 0.0145605777701, s_disc_loss = 0.010037317872, c_gen_loss = 0.0121265264849, s_gen_loss = 0.0155051921805
iteration =  1050
iteration =  1100
iteration =  1150
iteration =  1200
iteration =  1250
iteration =  1300
iteration =  1350
iteration =  1400
iteration =  1450
iteration =  1500
iteration =  1550
iteration =  1600
iteration =  1650
iteration =  1700
iteration =  1750
iteration =  1800
iteration =  1850
iteration =  1900
iteration =  1950
iteration =  2000
3m 29s (- 171m 29s) (2000 0%) 0.1183
c_disc_loss = 0.0143436491489, s_disc_loss = 0.00645669115086, c_gen_loss = 0.0129229786495, s_gen_loss = 0.0198605184754
iteration =  2050
iteration =  2100
iteration =  2150
iteration =  2200
iteration =  2250
iteration =  2300
iteration =  2350
iteration =  2400
iteration =  2450
iteration =  2500
iteration =  2550
iteration =  2600
iteration =  2650
iteration =  2700
iteration =  2750
iteration =  2800
iteration =  2850
iteration =  2900
iteration =  2950
iteration =  3000
4m 57s (- 160m 8s) (3000 0%) 0.1120
c_disc_loss = 0.014307162414, s_disc_loss = 0.0032312568898, c_gen_loss = 0.0134826203187, s_gen_loss = 0.0316675802072
iteration =  3050
iteration =  3100
iteration =  3150
iteration =  3200
iteration =  3250
iteration =  3300
iteration =  3350
iteration =  3400
iteration =  3450
iteration =  3500
iteration =  3550
iteration =  3600
iteration =  3650
iteration =  3700
iteration =  3750
iteration =  3800
iteration =  3850
iteration =  3900
iteration =  3950
iteration =  4000
6m 13s (- 149m 34s) (4000 0%) 0.1085
c_disc_loss = 0.0142152781288, s_disc_loss = 0.0016580602775, c_gen_loss = 0.0138972128431, s_gen_loss = 0.0443568279346
iteration =  4050
iteration =  4100
iteration =  4150
iteration =  4200
iteration =  4250
iteration =  4300
iteration =  4350
iteration =  4400
iteration =  4450
iteration =  4500
iteration =  4550
iteration =  4600
iteration =  4650
iteration =  4700
iteration =  4750
iteration =  4800
iteration =  4850
iteration =  4900
iteration =  4950
iteration =  5000
7m 32s (- 143m 9s) (5000 0%) 0.1044
c_disc_loss = 0.014245669047, s_disc_loss = 0.00104064191692, c_gen_loss = 0.0141825502117, s_gen_loss = 0.0550483415524
iteration =  5050
iteration =  5100
iteration =  5150
iteration =  5200
iteration =  5250
iteration =  5300
iteration =  5350
iteration =  5400
iteration =  5450
iteration =  5500
iteration =  5550
iteration =  5600
iteration =  5650
iteration =  5700
iteration =  5750
iteration =  5800
iteration =  5850
iteration =  5900
iteration =  5950
iteration =  6000
8m 49s (- 138m 21s) (6000 0%) 0.1019
c_disc_loss = 0.0140155206124, s_disc_loss = 0.000773202783118, c_gen_loss = 0.0144187236826, s_gen_loss = 0.063401594758
iteration =  6050
iteration =  6100
iteration =  6150
iteration =  6200
iteration =  6250
iteration =  6300
iteration =  6350
iteration =  6400
iteration =  6450
iteration =  6500
iteration =  6550
iteration =  6600
iteration =  6650
iteration =  6700
iteration =  6750
iteration =  6800
iteration =  6850
iteration =  6900
iteration =  6950
iteration =  7000
10m 7s (- 134m 37s) (7000 0%) 0.0956
c_disc_loss = 0.0140366877119, s_disc_loss = 0.000448791931073, c_gen_loss = 0.0145947473745, s_gen_loss = 0.0730500320594
iteration =  7050
iteration =  7100
iteration =  7150
iteration =  7200
iteration =  7250
iteration =  7300
iteration =  7350
iteration =  7400
iteration =  7450
iteration =  7500
iteration =  7550
iteration =  7600
iteration =  7650
iteration =  7700
iteration =  7750
iteration =  7800
iteration =  7850
iteration =  7900
iteration =  7950
iteration =  8000
11m 26s (- 131m 32s) (8000 0%) 0.0933
c_disc_loss = 0.013973997285, s_disc_loss = 0.000316980857557, c_gen_loss = 0.0147316443423, s_gen_loss = 0.0803582916657
iteration =  8050
iteration =  8100
iteration =  8150
iteration =  8200
iteration =  8250
iteration =  8300
iteration =  8350
iteration =  8400
iteration =  8450
iteration =  8500
iteration =  8550
iteration =  8600
iteration =  8650
iteration =  8700
iteration =  8750
iteration =  8800
iteration =  8850
iteration =  8900
iteration =  8950
iteration =  9000
12m 45s (- 129m 1s) (9000 0%) 0.0909
c_disc_loss = 0.0139485113323, s_disc_loss = 0.000287821671615, c_gen_loss = 0.014862070481, s_gen_loss = 0.0853403409322
iteration =  9050
iteration =  9100
iteration =  9150
iteration =  9200
iteration =  9250
iteration =  9300
iteration =  9350
iteration =  9400
iteration =  9450
iteration =  9500
iteration =  9550
iteration =  9600
iteration =  9650
iteration =  9700
iteration =  9750
iteration =  9800
iteration =  9850
iteration =  9900
iteration =  9950
iteration =  10000
14m 4s (- 126m 44s) (10000 0%) 0.0913
c_disc_loss = 0.0139982923865, s_disc_loss = 0.000203814047078, c_gen_loss = 0.015000231564, s_gen_loss = 0.0906524658203
iteration =  10050
iteration =  10100
iteration =  10150
iteration =  10200
iteration =  10250
iteration =  10300
iteration =  10350
iteration =  10400
iteration =  10450
iteration =  10500
iteration =  10550
iteration =  10600
iteration =  10650
iteration =  10700
iteration =  10750
iteration =  10800
iteration =  10850
iteration =  10900
iteration =  10950
iteration =  11000
15m 23s (- 124m 35s) (11000 0%) 0.0902
c_disc_loss = 0.0137191539009, s_disc_loss = 0.000161258756028, c_gen_loss = 0.0150639911493, s_gen_loss = 0.095984518528
iteration =  11050
iteration =  11100
iteration =  11150
iteration =  11200
iteration =  11250
iteration =  11300
iteration =  11350
iteration =  11400
iteration =  11450
iteration =  11500
iteration =  11550
iteration =  11600
iteration =  11650
iteration =  11700
iteration =  11750
iteration =  11800
iteration =  11850
iteration =  11900
iteration =  11950
iteration =  12000
16m 43s (- 122m 41s) (12000 0%) 0.0899
c_disc_loss = 0.0137790814042, s_disc_loss = 0.000182435789611, c_gen_loss = 0.0151656232774, s_gen_loss = 0.0926890969276
iteration =  12050
iteration =  12100
iteration =  12150
iteration =  12200
iteration =  12250
iteration =  12300
iteration =  12350
iteration =  12400
iteration =  12450
iteration =  12500
iteration =  12550
iteration =  12600
iteration =  12650
iteration =  12700
iteration =  12750
iteration =  12800
iteration =  12850
iteration =  12900
iteration =  12950
iteration =  13000
18m 3s (- 120m 50s) (13000 0%) 0.0885
c_disc_loss = 0.0134108724693, s_disc_loss = 0.000164507306181, c_gen_loss = 0.0152866753439, s_gen_loss = 0.0998862485091
iteration =  13050
iteration =  13100
iteration =  13150
iteration =  13200
iteration =  13250
iteration =  13300
iteration =  13350
iteration =  13400
iteration =  13450
iteration =  13500
iteration =  13550
iteration =  13600
iteration =  13650
iteration =  13700
iteration =  13750
iteration =  13800
iteration =  13850
iteration =  13900
iteration =  13950
iteration =  14000
19m 22s (- 119m 1s) (14000 0%) 0.0875
c_disc_loss = 0.0131966471672, s_disc_loss = 0.000102163428285, c_gen_loss = 0.0155941235522, s_gen_loss = 0.106855700413
iteration =  14050
iteration =  14100
iteration =  14150
iteration =  14200
iteration =  14250
iteration =  14300
iteration =  14350
iteration =  14400
iteration =  14450
iteration =  14500
iteration =  14550
iteration =  14600
iteration =  14650
iteration =  14700
iteration =  14750
iteration =  14800
iteration =  14850
iteration =  14900
iteration =  14950
iteration =  15000
20m 42s (- 117m 22s) (15000 0%) 0.0884
c_disc_loss = 0.0133161395788, s_disc_loss = 0.000112749636173, c_gen_loss = 0.0157020961245, s_gen_loss = 0.104699532191
iteration =  15050
iteration =  15100
iteration =  15150
iteration =  15200
iteration =  15250
iteration =  15300
iteration =  15350
iteration =  15400
iteration =  15450
iteration =  15500
iteration =  15550
iteration =  15600
iteration =  15650
iteration =  15700
iteration =  15750
iteration =  15800
iteration =  15850
iteration =  15900
iteration =  15950
iteration =  16000
22m 2s (- 115m 43s) (16000 0%) 0.0862
c_disc_loss = 0.0133362102012, s_disc_loss = 9.85476265972e-05, c_gen_loss = 0.0158790796995, s_gen_loss = 0.10809224844
iteration =  16050
iteration =  16100
iteration =  16150
iteration =  16200
iteration =  16250
iteration =  16300
iteration =  16350
iteration =  16400
iteration =  16450
iteration =  16500
iteration =  16550
iteration =  16600
iteration =  16650
iteration =  16700
iteration =  16750
iteration =  16800
iteration =  16850
iteration =  16900
iteration =  16950
iteration =  17000
23m 23s (- 114m 13s) (17000 0%) 0.0868
c_disc_loss = 0.0129316623012, s_disc_loss = 0.000114237132948, c_gen_loss = 0.0163294101755, s_gen_loss = 0.106738746166
iteration =  17050
iteration =  17100
iteration =  17150
iteration =  17200
iteration =  17250
iteration =  17300
iteration =  17350
iteration =  17400
iteration =  17450
iteration =  17500
iteration =  17550
iteration =  17600
iteration =  17650
iteration =  17700
iteration =  17750
iteration =  17800
iteration =  17850
iteration =  17900
iteration =  17950
iteration =  18000
24m 45s (- 112m 46s) (18000 0%) 0.0848
c_disc_loss = 0.0126813997825, s_disc_loss = 8.73067862509e-05, c_gen_loss = 0.0165103810529, s_gen_loss = 0.10731374224
iteration =  18050
iteration =  18100
iteration =  18150
iteration =  18200
iteration =  18250
iteration =  18300
iteration =  18350
iteration =  18400
iteration =  18450
iteration =  18500
iteration =  18550
iteration =  18600
iteration =  18650
iteration =  18700
iteration =  18750
iteration =  18800
iteration =  18850
iteration =  18900
iteration =  18950
iteration =  19000
26m 6s (- 111m 17s) (19000 0%) 0.0860
c_disc_loss = 0.0123737839361, s_disc_loss = 5.27781036605e-05, c_gen_loss = 0.0166273713112, s_gen_loss = 0.1172627906
iteration =  19050
iteration =  19100
iteration =  19150
iteration =  19200
iteration =  19250
iteration =  19300
iteration =  19350
iteration =  19400
iteration =  19450
iteration =  19500
iteration =  19550
iteration =  19600
iteration =  19650
iteration =  19700
iteration =  19750
iteration =  19800
iteration =  19850
iteration =  19900
iteration =  19950
iteration =  20000
27m 25s (- 109m 43s) (20000 0%) 0.0858
c_disc_loss = 0.011815118293, s_disc_loss = 6.94366511501e-05, c_gen_loss = 0.0172623172402, s_gen_loss = 0.118498404821
iteration =  20050
iteration =  20100
iteration =  20150
iteration =  20200
iteration =  20250
iteration =  20300
iteration =  20350
iteration =  20400
iteration =  20450
iteration =  20500
iteration =  20550
iteration =  20600
iteration =  20650
iteration =  20700
iteration =  20750
iteration =  20800
iteration =  20850
iteration =  20900
iteration =  20950
iteration =  21000
28m 45s (- 108m 12s) (21000 0%) 0.0855
c_disc_loss = 0.0114697255194, s_disc_loss = 5.94218678695e-05, c_gen_loss = 0.0179747765263, s_gen_loss = 0.119413882494
iteration =  21050
iteration =  21100
iteration =  21150
iteration =  21200
iteration =  21250
iteration =  21300
iteration =  21350
iteration =  21400
iteration =  21450
iteration =  21500
iteration =  21550
iteration =  21600
iteration =  21650
iteration =  21700
iteration =  21750
iteration =  21800
iteration =  21850
iteration =  21900
iteration =  21950
iteration =  22000
30m 7s (- 106m 48s) (22000 0%) 0.0849
c_disc_loss = 0.0109250669678, s_disc_loss = 4.77890959398e-05, c_gen_loss = 0.0188418999314, s_gen_loss = 0.12369826436
iteration =  22050
iteration =  22100
iteration =  22150
iteration =  22200
iteration =  22250
iteration =  22300
iteration =  22350
iteration =  22400
iteration =  22450
iteration =  22500
iteration =  22550
iteration =  22600
iteration =  22650
iteration =  22700
iteration =  22750
iteration =  22800
iteration =  22850
iteration =  22900
iteration =  22950
iteration =  23000
31m 28s (- 105m 23s) (23000 0%) 0.0858
c_disc_loss = 0.0109802583853, s_disc_loss = 5.45561003188e-05, c_gen_loss = 0.019514242808, s_gen_loss = 0.121380269527
iteration =  23050
iteration =  23100
iteration =  23150
iteration =  23200
iteration =  23250
iteration =  23300
iteration =  23350
iteration =  23400
iteration =  23450
iteration =  23500
iteration =  23550
iteration =  23600
iteration =  23650
iteration =  23700
iteration =  23750
iteration =  23800
iteration =  23850
iteration =  23900
iteration =  23950
iteration =  24000
32m 48s (- 103m 54s) (24000 0%) 0.0853
c_disc_loss = 0.0101031828672, s_disc_loss = 5.28963088679e-05, c_gen_loss = 0.0194714193543, s_gen_loss = 0.128652969996
iteration =  24050
iteration =  24100
iteration =  24150
iteration =  24200
iteration =  24250
iteration =  24300
iteration =  24350
iteration =  24400
iteration =  24450
iteration =  24500
iteration =  24550
iteration =  24600
iteration =  24650
iteration =  24700
iteration =  24750
iteration =  24800
iteration =  24850
iteration =  24900
iteration =  24950
iteration =  25000
34m 1s (- 102m 4s) (25000 0%) 0.0835
c_disc_loss = 0.0101595974217, s_disc_loss = 6.43046708622e-05, c_gen_loss = 0.0215360671282, s_gen_loss = 0.121490955353
iteration =  25050
iteration =  25100
iteration =  25150
iteration =  25200
iteration =  25250
iteration =  25300
iteration =  25350
iteration =  25400
iteration =  25450
iteration =  25500
iteration =  25550
iteration =  25600
iteration =  25650
iteration =  25700
iteration =  25750
iteration =  25800
iteration =  25850
iteration =  25900
iteration =  25950
iteration =  26000
35m 36s (- 101m 19s) (26000 0%) 0.0839
c_disc_loss = 0.0088199612995, s_disc_loss = 3.59643236152e-05, c_gen_loss = 0.0232731302579, s_gen_loss = 0.125640441974
iteration =  26050
iteration =  26100
iteration =  26150
iteration =  26200
iteration =  26250
iteration =  26300
iteration =  26350
iteration =  26400
iteration =  26450
iteration =  26500
iteration =  26550
iteration =  26600
iteration =  26650
iteration =  26700
iteration =  26750
iteration =  26800
iteration =  26850
iteration =  26900
iteration =  26950
iteration =  27000
37m 9s (- 100m 27s) (27000 0%) 0.0826
c_disc_loss = 0.00797369269033, s_disc_loss = 3.9559956349e-05, c_gen_loss = 0.0243950585524, s_gen_loss = 0.134626468023
iteration =  27050
iteration =  27100
iteration =  27150
iteration =  27200
iteration =  27250
iteration =  27300
iteration =  27350
iteration =  27400
iteration =  27450
iteration =  27500
iteration =  27550
iteration =  27600
iteration =  27650
iteration =  27700
iteration =  27750
iteration =  27800
iteration =  27850
iteration =  27900
iteration =  27950
iteration =  28000
38m 43s (- 99m 35s) (28000 0%) 0.0828
c_disc_loss = 0.00729020622869, s_disc_loss = 3.80460187444e-05, c_gen_loss = 0.0257233902812, s_gen_loss = 0.128505080938
iteration =  28050
iteration =  28100
iteration =  28150
iteration =  28200
iteration =  28250
iteration =  28300
iteration =  28350
iteration =  28400
iteration =  28450
iteration =  28500
iteration =  28550
iteration =  28600
iteration =  28650
iteration =  28700
iteration =  28750
iteration =  28800
iteration =  28850
iteration =  28900
iteration =  28950
iteration =  29000
40m 17s (- 98m 38s) (29000 0%) 0.0817
c_disc_loss = 0.00646374809245, s_disc_loss = 3.15082531112e-05, c_gen_loss = 0.0266508981586, s_gen_loss = 0.132619649172
iteration =  29050
iteration =  29100
iteration =  29150
iteration =  29200
iteration =  29250
iteration =  29300
iteration =  29350
iteration =  29400
iteration =  29450
iteration =  29500
iteration =  29550
iteration =  29600
iteration =  29650
iteration =  29700
iteration =  29750
iteration =  29800
iteration =  29850
iteration =  29900
iteration =  29950
iteration =  30000
41m 51s (- 97m 39s) (30000 0%) 0.0824
c_disc_loss = 0.00681088492274, s_disc_loss = 2.63747036418e-05, c_gen_loss = 0.0286986480157, s_gen_loss = 0.135778139035
iteration =  30050
iteration =  30100
iteration =  30150
iteration =  30200
iteration =  30250
iteration =  30300
iteration =  30350
iteration =  30400
iteration =  30450
iteration =  30500
iteration =  30550
iteration =  30600
iteration =  30650
iteration =  30700
iteration =  30750
iteration =  30800
iteration =  30850
iteration =  30900
iteration =  30950
iteration =  31000
43m 26s (- 96m 40s) (31000 0%) 0.0823
c_disc_loss = 0.00439015092949, s_disc_loss = 2.67275584823e-05, c_gen_loss = 0.0319454272588, s_gen_loss = 0.134652813276
iteration =  31050
iteration =  31100
iteration =  31150
iteration =  31200
iteration =  31250
iteration =  31300
iteration =  31350
iteration =  31400
iteration =  31450
iteration =  31500
iteration =  31550
iteration =  31600
iteration =  31650
iteration =  31700
iteration =  31750
iteration =  31800
iteration =  31850
iteration =  31900
iteration =  31950
iteration =  32000
45m 0s (- 95m 37s) (32000 0%) 0.0814
c_disc_loss = 0.00475945572058, s_disc_loss = 3.04120064053e-05, c_gen_loss = 0.0349969913562, s_gen_loss = 0.134127080441
iteration =  32050
iteration =  32100
iteration =  32150
iteration =  32200
iteration =  32250
iteration =  32300
iteration =  32350
iteration =  32400
iteration =  32450
iteration =  32500
iteration =  32550
iteration =  32600
iteration =  32650
iteration =  32700
iteration =  32750
iteration =  32800
iteration =  32850
iteration =  32900
iteration =  32950
iteration =  33000
46m 33s (- 94m 32s) (33000 0%) 0.0813
c_disc_loss = 0.00441029885163, s_disc_loss = 2.23962439729e-05, c_gen_loss = 0.0367403576771, s_gen_loss = 0.138666788737
iteration =  33050
iteration =  33100
iteration =  33150
iteration =  33200
iteration =  33250
iteration =  33300
iteration =  33350
iteration =  33400
iteration =  33450
iteration =  33500
iteration =  33550
iteration =  33600
iteration =  33650
iteration =  33700
iteration =  33750
iteration =  33800
iteration =  33850
iteration =  33900
iteration =  33950
iteration =  34000
48m 8s (- 93m 26s) (34000 0%) 0.0815
c_disc_loss = 0.00358662630121, s_disc_loss = 2.34813099572e-05, c_gen_loss = 0.0399452596903, s_gen_loss = 0.136106133461
iteration =  34050
iteration =  34100
iteration =  34150
iteration =  34200
iteration =  34250
iteration =  34300
iteration =  34350
iteration =  34400
iteration =  34450
iteration =  34500
iteration =  34550
iteration =  34600
iteration =  34650
iteration =  34700
iteration =  34750
iteration =  34800
iteration =  34850
iteration =  34900
iteration =  34950
iteration =  35000
49m 44s (- 92m 22s) (35000 0%) 0.0817
c_disc_loss = 0.00252851642047, s_disc_loss = 2.64097616309e-05, c_gen_loss = 0.0421671271324, s_gen_loss = 0.137695958217
iteration =  35050
iteration =  35100
iteration =  35150
iteration =  35200
iteration =  35250
iteration =  35300
iteration =  35350
iteration =  35400
iteration =  35450
iteration =  35500
iteration =  35550
iteration =  35600
iteration =  35650
iteration =  35700
iteration =  35750
iteration =  35800
iteration =  35850
iteration =  35900
iteration =  35950
iteration =  36000
51m 23s (- 91m 21s) (36000 0%) 0.0817
c_disc_loss = 0.00260222749785, s_disc_loss = 2.47495991061e-05, c_gen_loss = 0.0459174414476, s_gen_loss = 0.138534535964
iteration =  36050
iteration =  36100
iteration =  36150
iteration =  36200
iteration =  36250
iteration =  36300
iteration =  36350
iteration =  36400
iteration =  36450
iteration =  36500
iteration =  36550
iteration =  36600
iteration =  36650
iteration =  36700
iteration =  36750
iteration =  36800
iteration =  36850
iteration =  36900
iteration =  36950
iteration =  37000
52m 58s (- 90m 12s) (37000 0%) 0.0810
c_disc_loss = 0.00180095589409, s_disc_loss = 2.63415277004e-05, c_gen_loss = 0.0495796600978, s_gen_loss = 0.133878866831
iteration =  37050
iteration =  37100
iteration =  37150
iteration =  37200
iteration =  37250
iteration =  37300
iteration =  37350
iteration =  37400
iteration =  37450
iteration =  37500
iteration =  37550
iteration =  37600
iteration =  37650
iteration =  37700
iteration =  37750
iteration =  37800
iteration =  37850
iteration =  37900
iteration =  37950
iteration =  38000
54m 36s (- 89m 6s) (38000 0%) 0.0806
c_disc_loss = 0.00204142276198, s_disc_loss = 1.82799012691e-05, c_gen_loss = 0.0493311832349, s_gen_loss = 0.145616889
iteration =  38050
iteration =  38100
iteration =  38150
iteration =  38200
iteration =  38250
iteration =  38300
iteration =  38350
iteration =  38400
iteration =  38450
iteration =  38500
iteration =  38550
iteration =  38600
iteration =  38650
iteration =  38700
iteration =  38750
iteration =  38800
iteration =  38850
iteration =  38900
iteration =  38950
iteration =  39000
56m 14s (- 87m 58s) (39000 0%) 0.0806
c_disc_loss = 0.00153073078642, s_disc_loss = 2.7076882058e-05, c_gen_loss = 0.0556378314892, s_gen_loss = 0.138790140549
iteration =  39050
iteration =  39100
iteration =  39150
iteration =  39200
iteration =  39250
iteration =  39300
iteration =  39350
iteration =  39400
iteration =  39450
iteration =  39500
iteration =  39550
iteration =  39600
iteration =  39650
iteration =  39700
iteration =  39750
iteration =  39800
iteration =  39850
iteration =  39900
iteration =  39950
iteration =  40000
57m 50s (- 86m 45s) (40000 0%) 0.0813
c_disc_loss = 0.00158530442665, s_disc_loss = 1.79289284764e-05, c_gen_loss = 0.0550460318724, s_gen_loss = 0.143540183703
iteration =  40050
iteration =  40100
iteration =  40150
iteration =  40200
iteration =  40250
iteration =  40300
iteration =  40350
iteration =  40400
iteration =  40450
iteration =  40500
iteration =  40550
iteration =  40600
iteration =  40650
iteration =  40700
iteration =  40750
iteration =  40800
iteration =  40850
iteration =  40900
iteration =  40950
iteration =  41000
59m 25s (- 85m 31s) (41000 0%) 0.0816
c_disc_loss = 0.00130951187263, s_disc_loss = 1.80287461262e-05, c_gen_loss = 0.0581774959962, s_gen_loss = 0.140951981147
iteration =  41050
iteration =  41100
iteration =  41150
iteration =  41200
iteration =  41250
iteration =  41300
iteration =  41350
iteration =  41400
iteration =  41450
iteration =  41500
iteration =  41550
iteration =  41600
iteration =  41650
iteration =  41700
iteration =  41750
iteration =  41800
iteration =  41850
iteration =  41900
iteration =  41950
iteration =  42000
61m 1s (- 84m 15s) (42000 0%) 0.0810
c_disc_loss = 0.00126734220733, s_disc_loss = 1.47298172427e-05, c_gen_loss = 0.0582502683004, s_gen_loss = 0.147977530956
iteration =  42050
iteration =  42100
iteration =  42150
iteration =  42200
iteration =  42250
iteration =  42300
iteration =  42350
iteration =  42400
iteration =  42450
iteration =  42500
iteration =  42550
iteration =  42600
iteration =  42650
iteration =  42700
iteration =  42750
iteration =  42800
iteration =  42850
iteration =  42900
iteration =  42950
iteration =  43000
62m 37s (- 83m 1s) (43000 0%) 0.0810
c_disc_loss = 0.00125472325211, s_disc_loss = 1.64947693217e-05, c_gen_loss = 0.0618425309658, s_gen_loss = 0.146958251794
iteration =  43050
iteration =  43100
iteration =  43150
iteration =  43200
iteration =  43250
iteration =  43300
iteration =  43350
iteration =  43400
iteration =  43450
iteration =  43500
iteration =  43550
iteration =  43600
iteration =  43650
iteration =  43700
iteration =  43750
iteration =  43800
iteration =  43850
iteration =  43900
iteration =  43950
iteration =  44000
64m 14s (- 81m 45s) (44000 0%) 0.0794
c_disc_loss = 0.000885832123458, s_disc_loss = 1.71458353482e-05, c_gen_loss = 0.0672047138214, s_gen_loss = 0.147803733746
iteration =  44050
iteration =  44100
iteration =  44150
iteration =  44200
iteration =  44250
iteration =  44300
iteration =  44350
iteration =  44400
iteration =  44450
iteration =  44500
iteration =  44550
iteration =  44600
iteration =  44650
iteration =  44700
iteration =  44750
iteration =  44800
iteration =  44850
iteration =  44900
iteration =  44950
iteration =  45000
65m 48s (- 80m 26s) (45000 0%) 0.0799
c_disc_loss = 0.000868236801277, s_disc_loss = 1.5299681157e-05, c_gen_loss = 0.0655853450298, s_gen_loss = 0.148418962955
iteration =  45050
iteration =  45100
iteration =  45150
iteration =  45200
iteration =  45250
iteration =  45300
iteration =  45350
iteration =  45400
iteration =  45450
iteration =  45500
iteration =  45550
iteration =  45600
iteration =  45650
iteration =  45700
iteration =  45750
iteration =  45800
iteration =  45850
iteration =  45900
iteration =  45950
iteration =  46000
67m 23s (- 79m 7s) (46000 0%) 0.0793
c_disc_loss = 0.000831473153085, s_disc_loss = 1.47774141321e-05, c_gen_loss = 0.0698216855526, s_gen_loss = 0.147982001305
iteration =  46050
iteration =  46100
iteration =  46150
iteration =  46200
iteration =  46250
iteration =  46300
iteration =  46350
iteration =  46400
iteration =  46450
iteration =  46500
iteration =  46550
iteration =  46600
iteration =  46650
iteration =  46700
iteration =  46750
iteration =  46800
iteration =  46850
iteration =  46900
iteration =  46950
iteration =  47000
68m 56s (- 77m 44s) (47000 0%) 0.0808
c_disc_loss = 0.000629918145326, s_disc_loss = 1.49947954924e-05, c_gen_loss = 0.0723435779413, s_gen_loss = 0.152049869299
iteration =  47050
iteration =  47100
iteration =  47150
iteration =  47200
iteration =  47250
iteration =  47300
iteration =  47350
iteration =  47400
iteration =  47450
iteration =  47500
iteration =  47550
iteration =  47600
iteration =  47650
iteration =  47700
iteration =  47750
iteration =  47800
iteration =  47850
iteration =  47900
iteration =  47950
iteration =  48000
70m 29s (- 76m 22s) (48000 0%) 0.0792
c_disc_loss = 0.000628335867077, s_disc_loss = 1.12470261229e-05, c_gen_loss = 0.0710150996844, s_gen_loss = 0.14938895901
iteration =  48050
iteration =  48100
iteration =  48150
iteration =  48200
iteration =  48250
iteration =  48300
iteration =  48350
iteration =  48400
iteration =  48450
iteration =  48500
iteration =  48550
iteration =  48600
iteration =  48650
iteration =  48700
iteration =  48750
iteration =  48800
iteration =  48850
iteration =  48900
iteration =  48950
iteration =  49000
72m 3s (- 75m 0s) (49000 0%) 0.0813
c_disc_loss = 0.000573216937482, s_disc_loss = 1.54864865181e-05, c_gen_loss = 0.0744842290878, s_gen_loss = 0.144632875919
iteration =  49050
iteration =  49100
iteration =  49150
iteration =  49200
iteration =  49250
iteration =  49300
iteration =  49350
iteration =  49400
iteration =  49450
iteration =  49500
iteration =  49550
iteration =  49600
iteration =  49650
iteration =  49700
iteration =  49750
iteration =  49800
iteration =  49850
iteration =  49900
iteration =  49950
iteration =  50000
73m 37s (- 73m 37s) (50000 0%) 0.0804
c_disc_loss = 0.000506753373581, s_disc_loss = 1.2314223568e-05, c_gen_loss = 0.0767096181711, s_gen_loss = 0.149377415578
iteration =  50050
iteration =  50100
iteration =  50150
iteration =  50200
iteration =  50250
iteration =  50300
iteration =  50350
iteration =  50400
iteration =  50450
iteration =  50500
iteration =  50550
iteration =  50600
iteration =  50650
iteration =  50700
iteration =  50750
iteration =  50800
iteration =  50850
iteration =  50900
iteration =  50950
iteration =  51000
75m 11s (- 72m 14s) (51000 0%) 0.0785
c_disc_loss = 0.000612534970666, s_disc_loss = 1.64702990636e-05, c_gen_loss = 0.0751527994871, s_gen_loss = 0.148544430733
iteration =  51050
iteration =  51100
iteration =  51150
iteration =  51200
iteration =  51250
iteration =  51300
iteration =  51350
iteration =  51400
iteration =  51450
iteration =  51500
iteration =  51550
iteration =  51600
iteration =  51650
iteration =  51700
iteration =  51750
iteration =  51800
iteration =  51850
iteration =  51900
iteration =  51950
iteration =  52000
76m 46s (- 70m 52s) (52000 0%) 0.0779
c_disc_loss = 0.000407935120165, s_disc_loss = 1.48771093033e-05, c_gen_loss = 0.082856203119, s_gen_loss = 0.14787136515
iteration =  52050
iteration =  52100
iteration =  52150
iteration =  52200
iteration =  52250
iteration =  52300
iteration =  52350
iteration =  52400
iteration =  52450
iteration =  52500
iteration =  52550
iteration =  52600
iteration =  52650
iteration =  52700
iteration =  52750
iteration =  52800
iteration =  52850
iteration =  52900
iteration =  52950
iteration =  53000
78m 21s (- 69m 29s) (53000 0%) 0.0795
c_disc_loss = 0.000460961600766, s_disc_loss = 1.57161533328e-05, c_gen_loss = 0.084293136994, s_gen_loss = 0.147237360477
iteration =  53050
iteration =  53100
iteration =  53150
iteration =  53200
iteration =  53250
iteration =  53300
iteration =  53350
iteration =  53400
iteration =  53450
iteration =  53500
iteration =  53550
iteration =  53600
iteration =  53650
iteration =  53700
iteration =  53750
iteration =  53800
iteration =  53850
iteration =  53900
iteration =  53950
iteration =  54000
79m 56s (- 68m 5s) (54000 0%) 0.0796
c_disc_loss = 0.000435664318502, s_disc_loss = 1.28523327779e-05, c_gen_loss = 0.0829014331102, s_gen_loss = 0.149419784546
iteration =  54050
iteration =  54100
iteration =  54150
iteration =  54200
iteration =  54250
iteration =  54300
iteration =  54350
iteration =  54400
iteration =  54450
iteration =  54500
iteration =  54550
iteration =  54600
iteration =  54650
iteration =  54700
iteration =  54750
iteration =  54800
iteration =  54850
iteration =  54900
iteration =  54950
iteration =  55000
81m 31s (- 66m 41s) (55000 0%) 0.0785
c_disc_loss = 0.000382567717073, s_disc_loss = 1.1549416134e-05, c_gen_loss = 0.0863083402316, s_gen_loss = 0.153072476387
iteration =  55050
iteration =  55100
iteration =  55150
iteration =  55200
iteration =  55250
iteration =  55300
iteration =  55350
iteration =  55400
iteration =  55450
iteration =  55500
iteration =  55550
iteration =  55600
iteration =  55650
iteration =  55700
iteration =  55750
iteration =  55800
iteration =  55850
iteration =  55900
iteration =  55950
iteration =  56000
83m 5s (- 65m 16s) (56000 0%) 0.0785
c_disc_loss = 0.000337366208745, s_disc_loss = 9.47631633608e-06, c_gen_loss = 0.0865372021993, s_gen_loss = 0.157320698102
iteration =  56050
iteration =  56100
iteration =  56150
iteration =  56200
iteration =  56250
iteration =  56300
iteration =  56350
iteration =  56400
iteration =  56450
iteration =  56500
iteration =  56550
iteration =  56600
iteration =  56650
iteration =  56700
iteration =  56750
iteration =  56800
iteration =  56850
iteration =  56900
iteration =  56950
iteration =  57000
84m 39s (- 63m 51s) (57000 0%) 0.0787
c_disc_loss = 0.000341471362238, s_disc_loss = 1.10916056049e-05, c_gen_loss = 0.0872231523196, s_gen_loss = 0.153522690137
iteration =  57050
iteration =  57100
iteration =  57150
iteration =  57200
iteration =  57250
iteration =  57300
iteration =  57350
iteration =  57400
iteration =  57450
iteration =  57500
iteration =  57550
iteration =  57600
iteration =  57650
iteration =  57700
iteration =  57750
iteration =  57800
iteration =  57850
iteration =  57900
iteration =  57950
iteration =  58000
86m 13s (- 62m 26s) (58000 0%) 0.0781
c_disc_loss = 0.000285442220047, s_disc_loss = 1.23405140281e-05, c_gen_loss = 0.0902962088585, s_gen_loss = 0.154302457968
iteration =  58050
iteration =  58100
iteration =  58150
iteration =  58200
iteration =  58250
iteration =  58300
iteration =  58350
iteration =  58400
iteration =  58450
iteration =  58500
iteration =  58550
iteration =  58600
iteration =  58650
iteration =  58700
iteration =  58750
iteration =  58800
iteration =  58850
iteration =  58900
iteration =  58950
iteration =  59000
87m 48s (- 61m 1s) (59000 0%) 0.0792
c_disc_loss = 0.000338997459039, s_disc_loss = 1.14970207505e-05, c_gen_loss = 0.0848501821359, s_gen_loss = 0.154809673627
iteration =  59050
iteration =  59100
iteration =  59150
iteration =  59200
iteration =  59250
iteration =  59300
iteration =  59350
iteration =  59400
iteration =  59450
iteration =  59500
iteration =  59550
iteration =  59600
iteration =  59650
iteration =  59700
iteration =  59750
iteration =  59800
iteration =  59850
iteration =  59900
iteration =  59950
iteration =  60000
89m 22s (- 59m 35s) (60000 0%) 0.0789
c_disc_loss = 0.000282608050232, s_disc_loss = 1.19242807462e-05, c_gen_loss = 0.0920004049937, s_gen_loss = 0.153772274653
iteration =  60050
iteration =  60100
iteration =  60150
iteration =  60200
iteration =  60250
iteration =  60300
iteration =  60350
iteration =  60400
iteration =  60450
iteration =  60500
iteration =  60550
iteration =  60600
iteration =  60650
iteration =  60700
iteration =  60750
iteration =  60800
iteration =  60850
iteration =  60900
iteration =  60950
iteration =  61000
90m 57s (- 58m 9s) (61000 0%) 0.0776
c_disc_loss = 0.000274233636446, s_disc_loss = 8.27584517538e-06, c_gen_loss = 0.0924489299456, s_gen_loss = 0.15955850482
iteration =  61050
iteration =  61100
iteration =  61150
iteration =  61200
iteration =  61250
iteration =  61300
iteration =  61350
iteration =  61400
iteration =  61450
iteration =  61500
iteration =  61550
iteration =  61600
iteration =  61650
iteration =  61700
iteration =  61750
iteration =  61800
iteration =  61850
iteration =  61900
iteration =  61950
iteration =  62000
92m 31s (- 56m 42s) (62000 0%) 0.0789
c_disc_loss = 0.000252567852537, s_disc_loss = 1.09589515584e-05, c_gen_loss = 0.0927226245403, s_gen_loss = 0.159627487262
iteration =  62050
iteration =  62100
iteration =  62150
iteration =  62200
iteration =  62250
iteration =  62300
iteration =  62350
iteration =  62400
iteration =  62450
iteration =  62500
iteration =  62550
iteration =  62600
iteration =  62650
iteration =  62700
iteration =  62750
iteration =  62800
iteration =  62850
iteration =  62900
iteration =  62950
iteration =  63000
94m 4s (- 55m 14s) (63000 0%) 0.0793
c_disc_loss = 0.000257184127501, s_disc_loss = 1.08378165654e-05, c_gen_loss = 0.094469845295, s_gen_loss = 0.158456106981
iteration =  63050
iteration =  63100
iteration =  63150
iteration =  63200
iteration =  63250
iteration =  63300
iteration =  63350
iteration =  63400
iteration =  63450
iteration =  63500
iteration =  63550
iteration =  63600
iteration =  63650
iteration =  63700
iteration =  63750
iteration =  63800
iteration =  63850
iteration =  63900
iteration =  63950
iteration =  64000
95m 38s (- 53m 48s) (64000 0%) 0.0786
c_disc_loss = 0.000248201637684, s_disc_loss = 1.64280415144e-05, c_gen_loss = 0.0935932993889, s_gen_loss = 0.153095583121
iteration =  64050
iteration =  64100
iteration =  64150
iteration =  64200
iteration =  64250
iteration =  64300
iteration =  64350
iteration =  64400
iteration =  64450
iteration =  64500
iteration =  64550
iteration =  64600
iteration =  64650
iteration =  64700
iteration =  64750
iteration =  64800
iteration =  64850
iteration =  64900
iteration =  64950
iteration =  65000
97m 13s (- 52m 21s) (65000 0%) 0.0785
c_disc_loss = 0.000248278413589, s_disc_loss = 1.10587279778e-05, c_gen_loss = 0.0936902662118, s_gen_loss = 0.161452949047
iteration =  65050
iteration =  65100
iteration =  65150
iteration =  65200
iteration =  65250
iteration =  65300
iteration =  65350
iteration =  65400
iteration =  65450
iteration =  65500
iteration =  65550
iteration =  65600
iteration =  65650
iteration =  65700
iteration =  65750
iteration =  65800
iteration =  65850
iteration =  65900
iteration =  65950
iteration =  66000
98m 50s (- 50m 54s) (66000 0%) 0.0784
c_disc_loss = 0.000231892025719, s_disc_loss = 1.00826437119e-05, c_gen_loss = 0.0963994463285, s_gen_loss = 0.158059020837
iteration =  66050
iteration =  66100
iteration =  66150
iteration =  66200
iteration =  66250
iteration =  66300
iteration =  66350
iteration =  66400
iteration =  66450
iteration =  66500
iteration =  66550
iteration =  66600
iteration =  66650
iteration =  66700
iteration =  66750
iteration =  66800
iteration =  66850
iteration =  66900
iteration =  66950
iteration =  67000
100m 24s (- 49m 27s) (67000 0%) 0.0778
c_disc_loss = 0.000267378850064, s_disc_loss = 7.71068395503e-06, c_gen_loss = 0.0917574465275, s_gen_loss = 0.15931224823
iteration =  67050
iteration =  67100
iteration =  67150
iteration =  67200
iteration =  67250
iteration =  67300
iteration =  67350
iteration =  67400
iteration =  67450
iteration =  67500
iteration =  67550
iteration =  67600
iteration =  67650
iteration =  67700
iteration =  67750
iteration =  67800
iteration =  67850
iteration =  67900
iteration =  67950
iteration =  68000
101m 58s (- 47m 59s) (68000 0%) 0.0774
c_disc_loss = 0.000175817986019, s_disc_loss = 7.65735603636e-06, c_gen_loss = 0.0996407469114, s_gen_loss = 0.160499115785
iteration =  68050
iteration =  68100
iteration =  68150
iteration =  68200
iteration =  68250
iteration =  68300
iteration =  68350
iteration =  68400
iteration =  68450
iteration =  68500
iteration =  68550
iteration =  68600
iteration =  68650
iteration =  68700
iteration =  68750
iteration =  68800
iteration =  68850
iteration =  68900
iteration =  68950
iteration =  69000
103m 34s (- 46m 31s) (69000 0%) 0.0787
c_disc_loss = 0.000205398304388, s_disc_loss = 9.38771154324e-06, c_gen_loss = 0.0986166199048, s_gen_loss = 0.157954315344
iteration =  69050
iteration =  69100
iteration =  69150
iteration =  69200
iteration =  69250
iteration =  69300
iteration =  69350
iteration =  69400
iteration =  69450
iteration =  69500
iteration =  69550
iteration =  69600
iteration =  69650
iteration =  69700
iteration =  69750
iteration =  69800
iteration =  69850
iteration =  69900
iteration =  69950
iteration =  70000
105m 9s (- 45m 4s) (70000 0%) 0.0788
c_disc_loss = 0.000212922847519, s_disc_loss = 9.49895305287e-06, c_gen_loss = 0.0957378447056, s_gen_loss = 0.159543782473
iteration =  70050
iteration =  70100
iteration =  70150
iteration =  70200
iteration =  70250
iteration =  70300
iteration =  70350
iteration =  70400
iteration =  70450
iteration =  70500
iteration =  70550
iteration =  70600
iteration =  70650
iteration =  70700
iteration =  70750
iteration =  70800
iteration =  70850
iteration =  70900
iteration =  70950
iteration =  71000
106m 46s (- 43m 36s) (71000 0%) 0.0773
c_disc_loss = 0.000238635499651, s_disc_loss = 8.63497674194e-06, c_gen_loss = 0.0970059037209, s_gen_loss = 0.156792571147
iteration =  71050
iteration =  71100
iteration =  71150
iteration =  71200
iteration =  71250
iteration =  71300
iteration =  71350
iteration =  71400
iteration =  71450
iteration =  71500
iteration =  71550
iteration =  71600
iteration =  71650
iteration =  71700
iteration =  71750
iteration =  71800
iteration =  71850
iteration =  71900
iteration =  71950
iteration =  72000
108m 23s (- 42m 9s) (72000 0%) 0.0779
c_disc_loss = 0.00017450330779, s_disc_loss = 7.47434629981e-06, c_gen_loss = 0.102793117364, s_gen_loss = 0.161337206761
iteration =  72050
iteration =  72100
iteration =  72150
iteration =  72200
iteration =  72250
iteration =  72300
iteration =  72350
iteration =  72400
iteration =  72450
iteration =  72500
iteration =  72550
iteration =  72600
iteration =  72650
iteration =  72700
iteration =  72750
iteration =  72800
iteration =  72850
iteration =  72900
iteration =  72950
iteration =  73000
109m 59s (- 40m 41s) (73000 0%) 0.0767
c_disc_loss = 0.000159986491781, s_disc_loss = 1.02826306829e-05, c_gen_loss = 0.104215800762, s_gen_loss = 0.158910175165
iteration =  73050
iteration =  73100
iteration =  73150
iteration =  73200
iteration =  73250
iteration =  73300
iteration =  73350
iteration =  73400
iteration =  73450
iteration =  73500
iteration =  73550
iteration =  73600
iteration =  73650
iteration =  73700
iteration =  73750
iteration =  73800
iteration =  73850
iteration =  73900
iteration =  73950
iteration =  74000
111m 36s (- 39m 12s) (74000 0%) 0.0770
c_disc_loss = 0.00018373663382, s_disc_loss = 6.36823097011e-06, c_gen_loss = 0.102147301038, s_gen_loss = 0.165937980016
iteration =  74050
iteration =  74100
iteration =  74150
iteration =  74200
iteration =  74250
iteration =  74300
iteration =  74350
iteration =  74400
iteration =  74450
iteration =  74500
iteration =  74550
iteration =  74600
iteration =  74650
iteration =  74700
iteration =  74750
iteration =  74800
iteration =  74850
iteration =  74900
iteration =  74950
iteration =  75000
113m 12s (- 37m 44s) (75000 0%) 0.0778
c_disc_loss = 0.00016957502036, s_disc_loss = 5.36800810854e-06, c_gen_loss = 0.101077228785, s_gen_loss = 0.165116240581
iteration =  75050
iteration =  75100
iteration =  75150
iteration =  75200
iteration =  75250
iteration =  75300
iteration =  75350
iteration =  75400
iteration =  75450
iteration =  75500
iteration =  75550
iteration =  75600
iteration =  75650
iteration =  75700
iteration =  75750
iteration =  75800
iteration =  75850
iteration =  75900
iteration =  75950
iteration =  76000
114m 48s (- 36m 15s) (76000 0%) 0.0761
c_disc_loss = 0.000178652563288, s_disc_loss = 8.67214051444e-06, c_gen_loss = 0.100565334161, s_gen_loss = 0.16139092048
iteration =  76050
iteration =  76100
iteration =  76150
iteration =  76200
iteration =  76250
iteration =  76300
iteration =  76350
iteration =  76400
iteration =  76450
iteration =  76500
iteration =  76550
iteration =  76600
iteration =  76650
iteration =  76700
iteration =  76750
iteration =  76800
iteration =  76850
iteration =  76900
iteration =  76950
iteration =  77000
116m 24s (- 34m 46s) (77000 0%) 0.0760
c_disc_loss = 0.000183574137433, s_disc_loss = 6.19755458805e-06, c_gen_loss = 0.10024724404, s_gen_loss = 0.167458335559
iteration =  77050
iteration =  77100
iteration =  77150
iteration =  77200
iteration =  77250
iteration =  77300
iteration =  77350
iteration =  77400
iteration =  77450
iteration =  77500
iteration =  77550
iteration =  77600
iteration =  77650
iteration =  77700
iteration =  77750
iteration =  77800
iteration =  77850
iteration =  77900
iteration =  77950
iteration =  78000
118m 0s (- 33m 17s) (78000 0%) 0.0770
c_disc_loss = 0.000207449891604, s_disc_loss = 6.16520568049e-06, c_gen_loss = 0.0978375971317, s_gen_loss = 0.16880863905
iteration =  78050
iteration =  78100
iteration =  78150
iteration =  78200
iteration =  78250
iteration =  78300
iteration =  78350
iteration =  78400
iteration =  78450
iteration =  78500
iteration =  78550
iteration =  78600
iteration =  78650
iteration =  78700
iteration =  78750
iteration =  78800
iteration =  78850
iteration =  78900
iteration =  78950
iteration =  79000
119m 37s (- 31m 47s) (79000 0%) 0.0772
c_disc_loss = 0.000140399458663, s_disc_loss = 5.46413260357e-06, c_gen_loss = 0.106881141663, s_gen_loss = 0.169196565946
iteration =  79050
iteration =  79100
iteration =  79150
iteration =  79200
iteration =  79250
iteration =  79300
iteration =  79350
iteration =  79400
iteration =  79450
iteration =  79500
iteration =  79550
iteration =  79600
iteration =  79650
iteration =  79700
iteration =  79750
iteration =  79800
iteration =  79850
iteration =  79900
iteration =  79950
iteration =  80000
121m 13s (- 30m 18s) (80000 0%) 0.0766
c_disc_loss = 0.000143280058789, s_disc_loss = 7.32432939306e-06, c_gen_loss = 0.107417623202, s_gen_loss = 0.167388161023
iteration =  80050
iteration =  80100
iteration =  80150
iteration =  80200
iteration =  80250
iteration =  80300
iteration =  80350
iteration =  80400
iteration =  80450
iteration =  80500
iteration =  80550
iteration =  80600
iteration =  80650
iteration =  80700
iteration =  80750
iteration =  80800
iteration =  80850
iteration =  80900
iteration =  80950
iteration =  81000
122m 48s (- 28m 48s) (81000 0%) 0.0769
c_disc_loss = 0.000139620417031, s_disc_loss = 9.61611779834e-06, c_gen_loss = 0.106926401456, s_gen_loss = 0.170851031939
iteration =  81050
iteration =  81100
iteration =  81150
iteration =  81200
iteration =  81250
iteration =  81300
iteration =  81350
iteration =  81400
iteration =  81450
iteration =  81500
iteration =  81550
iteration =  81600
iteration =  81650
iteration =  81700
iteration =  81750
iteration =  81800
iteration =  81850
iteration =  81900
iteration =  81950
iteration =  82000
124m 23s (- 27m 18s) (82000 0%) 0.0767
c_disc_loss = 0.000134885757385, s_disc_loss = 7.36237173745e-06, c_gen_loss = 0.107635647058, s_gen_loss = 0.165380775928
iteration =  82050
iteration =  82100
iteration =  82150
iteration =  82200
iteration =  82250
iteration =  82300
iteration =  82350
iteration =  82400
iteration =  82450
iteration =  82500
iteration =  82550
iteration =  82600
iteration =  82650
iteration =  82700
iteration =  82750
iteration =  82800
iteration =  82850
iteration =  82900
iteration =  82950
iteration =  83000
125m 58s (- 25m 48s) (83000 0%) 0.0765
c_disc_loss = 0.00010953086894, s_disc_loss = 8.37891335929e-06, c_gen_loss = 0.112115403016, s_gen_loss = 0.16222546498
iteration =  83050
iteration =  83100
iteration =  83150
iteration =  83200
iteration =  83250
iteration =  83300
iteration =  83350
iteration =  83400
iteration =  83450
iteration =  83500
iteration =  83550
iteration =  83600
iteration =  83650
iteration =  83700
iteration =  83750
iteration =  83800
iteration =  83850
iteration =  83900
iteration =  83950
iteration =  84000
127m 32s (- 24m 17s) (84000 0%) 0.0768
c_disc_loss = 0.000124935235362, s_disc_loss = 7.61132105254e-06, c_gen_loss = 0.107643653949, s_gen_loss = 0.164840410153
iteration =  84050
iteration =  84100
iteration =  84150
iteration =  84200
iteration =  84250
iteration =  84300
iteration =  84350
iteration =  84400
iteration =  84450
iteration =  84500
iteration =  84550
iteration =  84600
iteration =  84650
iteration =  84700
iteration =  84750
iteration =  84800
iteration =  84850
iteration =  84900
iteration =  84950
iteration =  85000
129m 6s (- 22m 46s) (85000 0%) 0.0762
c_disc_loss = 0.00011842874422, s_disc_loss = 7.59170628347e-06, c_gen_loss = 0.109512388706, s_gen_loss = 0.163958926996
iteration =  85050
iteration =  85100
iteration =  85150
iteration =  85200
iteration =  85250
iteration =  85300
iteration =  85350
iteration =  85400
iteration =  85450
iteration =  85500
iteration =  85550
iteration =  85600
iteration =  85650
iteration =  85700
iteration =  85750
iteration =  85800
iteration =  85850
iteration =  85900
iteration =  85950
iteration =  86000
130m 40s (- 21m 16s) (86000 0%) 0.0762
c_disc_loss = 0.000130328931846, s_disc_loss = 8.24640786353e-06, c_gen_loss = 0.106284499168, s_gen_loss = 0.166614105304
iteration =  86050
iteration =  86100
iteration =  86150
iteration =  86200
iteration =  86250
iteration =  86300
iteration =  86350
iteration =  86400
iteration =  86450
iteration =  86500
iteration =  86550
iteration =  86600
iteration =  86650
iteration =  86700
iteration =  86750
iteration =  86800
iteration =  86850
iteration =  86900
iteration =  86950
iteration =  87000
132m 14s (- 19m 45s) (87000 0%) 0.0762
c_disc_loss = 0.000134346269382, s_disc_loss = 4.91986914615e-06, c_gen_loss = 0.107451379299, s_gen_loss = 0.173377553622
iteration =  87050
iteration =  87100
iteration =  87150
iteration =  87200
iteration =  87250
iteration =  87300
iteration =  87350
iteration =  87400
iteration =  87450
iteration =  87500
iteration =  87550
iteration =  87600
iteration =  87650
iteration =  87700
iteration =  87750
iteration =  87800
iteration =  87850
iteration =  87900
iteration =  87950
iteration =  88000
133m 49s (- 18m 14s) (88000 0%) 0.0767
c_disc_loss = 0.000103599886643, s_disc_loss = 8.5413018193e-06, c_gen_loss = 0.112690846125, s_gen_loss = 0.167338132858
iteration =  88050
iteration =  88100
iteration =  88150
iteration =  88200
iteration =  88250
iteration =  88300
iteration =  88350
iteration =  88400
iteration =  88450
iteration =  88500
iteration =  88550
iteration =  88600
iteration =  88650
iteration =  88700
iteration =  88750
iteration =  88800
iteration =  88850
iteration =  88900
iteration =  88950
iteration =  89000
135m 23s (- 16m 44s) (89000 0%) 0.0755
c_disc_loss = 0.000109557954905, s_disc_loss = 5.49273681827e-06, c_gen_loss = 0.112655540307, s_gen_loss = 0.166574815909
iteration =  89050
iteration =  89100
iteration =  89150
iteration =  89200
iteration =  89250
iteration =  89300
iteration =  89350
iteration =  89400
iteration =  89450
iteration =  89500
iteration =  89550
iteration =  89600
iteration =  89650
iteration =  89700
iteration =  89750
iteration =  89800
iteration =  89850
iteration =  89900
iteration =  89950
iteration =  90000
136m 57s (- 15m 13s) (90000 0%) 0.0771
c_disc_loss = 8.74935261284e-05, s_disc_loss = 7.44975841371e-06, c_gen_loss = 0.117132335901, s_gen_loss = 0.166515330474
iteration =  90050
iteration =  90100
iteration =  90150
iteration =  90200
iteration =  90250
iteration =  90300
iteration =  90350
iteration =  90400
iteration =  90450
iteration =  90500
iteration =  90550
iteration =  90600
iteration =  90650
iteration =  90700
iteration =  90750
iteration =  90800
iteration =  90850
iteration =  90900
iteration =  90950
iteration =  91000
138m 32s (- 13m 42s) (91000 0%) 0.0760
c_disc_loss = 9.51617451695e-05, s_disc_loss = 5.27272156129e-06, c_gen_loss = 0.113503555457, s_gen_loss = 0.172141591708
iteration =  91050
iteration =  91100
iteration =  91150
iteration =  91200
iteration =  91250
iteration =  91300
iteration =  91350
iteration =  91400
iteration =  91450
iteration =  91500
iteration =  91550
iteration =  91600
iteration =  91650
iteration =  91700
iteration =  91750
iteration =  91800
iteration =  91850
iteration =  91900
iteration =  91950
iteration =  92000
140m 5s (- 12m 10s) (92000 0%) 0.0770
c_disc_loss = 8.98062523144e-05, s_disc_loss = 4.93978313898e-06, c_gen_loss = 0.11734572053, s_gen_loss = 0.170454144478
iteration =  92050
iteration =  92100
iteration =  92150
iteration =  92200
iteration =  92250
iteration =  92300
iteration =  92350
iteration =  92400
iteration =  92450
iteration =  92500
iteration =  92550
iteration =  92600
iteration =  92650
iteration =  92700
iteration =  92750
iteration =  92800
iteration =  92850
iteration =  92900
iteration =  92950
iteration =  93000
141m 40s (- 10m 39s) (93000 0%) 0.0756
c_disc_loss = 0.00011989621756, s_disc_loss = 5.15100024738e-06, c_gen_loss = 0.11169175307, s_gen_loss = 0.172700723012
iteration =  93050
iteration =  93100
iteration =  93150
iteration =  93200
iteration =  93250
iteration =  93300
iteration =  93350
iteration =  93400
iteration =  93450
iteration =  93500
iteration =  93550
iteration =  93600
iteration =  93650
iteration =  93700
iteration =  93750
iteration =  93800
iteration =  93850
iteration =  93900
iteration =  93950
iteration =  94000
143m 16s (- 9m 8s) (94000 0%) 0.0771
c_disc_loss = 7.31467152946e-05, s_disc_loss = 5.01284497053e-06, c_gen_loss = 0.117898325125, s_gen_loss = 0.172479192416
iteration =  94050
iteration =  94100
iteration =  94150
iteration =  94200
iteration =  94250
iteration =  94300
iteration =  94350
iteration =  94400
iteration =  94450
iteration =  94500
iteration =  94550
iteration =  94600
iteration =  94650
iteration =  94700
iteration =  94750
iteration =  94800
iteration =  94850
iteration =  94900
iteration =  94950
iteration =  95000
144m 51s (- 7m 37s) (95000 0%) 0.0751
c_disc_loss = 9.11370637671e-05, s_disc_loss = 6.53477945889e-06, c_gen_loss = 0.113095084826, s_gen_loss = 0.170326054096
iteration =  95050
iteration =  95100
iteration =  95150
iteration =  95200
iteration =  95250
iteration =  95300
iteration =  95350
iteration =  95400
iteration =  95450
iteration =  95500
iteration =  95550
iteration =  95600
iteration =  95650
iteration =  95700
iteration =  95750
iteration =  95800
iteration =  95850
iteration =  95900
iteration =  95950
iteration =  96000
146m 26s (- 6m 6s) (96000 0%) 0.0771
c_disc_loss = 8.80004566473e-05, s_disc_loss = 4.26596094864e-06, c_gen_loss = 0.114284574986, s_gen_loss = 0.173487703005
iteration =  96050
iteration =  96100
iteration =  96150
iteration =  96200
iteration =  96250
iteration =  96300
iteration =  96350
iteration =  96400
iteration =  96450
iteration =  96500
iteration =  96550
iteration =  96600
iteration =  96650
iteration =  96700
iteration =  96750
iteration =  96800
iteration =  96850
iteration =  96900
iteration =  96950
iteration =  97000
148m 2s (- 4m 34s) (97000 0%) 0.0752
c_disc_loss = 9.48166901556e-05, s_disc_loss = 5.65472510061e-06, c_gen_loss = 0.114498744408, s_gen_loss = 0.175715406736
iteration =  97050
iteration =  97100
iteration =  97150
iteration =  97200
iteration =  97250
iteration =  97300
iteration =  97350
iteration =  97400
iteration =  97450
iteration =  97500
iteration =  97550
iteration =  97600
iteration =  97650
iteration =  97700
iteration =  97750
iteration =  97800
iteration =  97850
iteration =  97900
iteration =  97950
iteration =  98000
149m 39s (- 3m 3s) (98000 0%) 0.0757
c_disc_loss = 8.84493541283e-05, s_disc_loss = 5.34590435564e-06, c_gen_loss = 0.116036216418, s_gen_loss = 0.174106697241
iteration =  98050
iteration =  98100
iteration =  98150
iteration =  98200
iteration =  98250
iteration =  98300
iteration =  98350
iteration =  98400
iteration =  98450
iteration =  98500
iteration =  98550
iteration =  98600
iteration =  98650
iteration =  98700
iteration =  98750
iteration =  98800
iteration =  98850
iteration =  98900
iteration =  98950
iteration =  99000
151m 15s (- 1m 31s) (99000 0%) 0.0763
c_disc_loss = 7.95972979783e-05, s_disc_loss = 8.52084364548e-06, c_gen_loss = 0.11885663867, s_gen_loss = 0.162528991699
iteration =  99050
iteration =  99100
iteration =  99150
iteration =  99200
iteration =  99250
iteration =  99300
iteration =  99350
iteration =  99400
iteration =  99450
iteration =  99500
iteration =  99550
iteration =  99600
iteration =  99650
iteration =  99700
iteration =  99750
iteration =  99800
iteration =  99850
iteration =  99900
iteration =  99950
iteration =  100000
152m 52s (- 0m 0s) (100000 100%) 0.0752
c_disc_loss = 7.410228136e-05, s_disc_loss = 4.85456469808e-06, c_gen_loss = 0.122919847568, s_gen_loss = 0.175302108129

